
Block group file:
tl_2019_36_bg.zip

Places file:
tl_2019_36_place.zip

Output file:
syracuse_bg.gpkg

County block groups:
380

Syracuse places:
1

Selected block groups:
135

Wrote layer full, 135 block groups:
syracuse_bg.gpkg

Clipped block groups:
135

Percent of original BG:
GEOID
360670061032    100.000000
360670061031    100.000000
360670061022    100.000000
360670060002    100.000000
360670060004    100.000000
360670061012    100.000000
360670061021    100.000000
360670061013    100.000000
360670060001    100.000000
360670060003    100.000000
360670061011    100.000000
360670055003    100.000000
360670057002    100.000000
360670058003    100.000000
360670057001    100.000000
360670059002    100.000000
360670056021    100.000000
360670058002    100.000000
360670059001    100.000000
360670056011    100.000000
360670055002    100.000000
360670051002    100.000000
360670054002    100.000000
360670050002    100.000000
360670058001    100.000000
360670049002    100.000000
360670054003    100.000000
360670054001    100.000000
360670051003    100.000000
360670054004    100.000000
360670051001    100.000000
360670055001    100.000000
360670050001    100.000000
360670048001    100.000000
360670053001    100.000000
360670052002    100.000000
360670048002    100.000000
360670049001    100.000000
360670053002    100.000000
360670044002    100.000000
360670045003    100.000000
360670052001    100.000000
360670045002    100.000000
360670052003    100.000000
360670038002    100.000000
360670046003    100.000000
360670039002    100.000000
360670046002    100.000000
360670042002    100.000000
360670039001    100.000000
360670043022    100.000000
360670043011    100.000000
360670039003    100.000000
360670045001    100.000000
360670038001    100.000000
360670044001    100.000000
360670045004    100.000000
360670132001      0.639530
360670042001    100.000000
360670046004    100.000000
360670040001    100.000000
360670046001    100.000000
360670035001    100.000000
360670043021    100.000000
360670132002     16.698518
360670046005    100.000000
360670030002    100.000000
360670029012    100.000000
360670035003    100.000000
360670043023    100.000000
360670029011    100.000000
360670036012    100.000000
360670030001    100.000000
360670032002    100.000000
360670036022    100.000000
360670032001    100.000000
360670034001    100.000000
360670027003    100.000000
360670027002    100.000000
360670021013    100.000000
360670035002    100.000000
360670021012    100.000000
360670027001    100.000000
360670036011    100.000000
360670016002    100.000000
360670024001    100.000000
360670036021    100.000000
360670023002    100.000000
360670024002    100.000000
360670021011    100.000000
360670017012    100.000000
360670020002    100.000000
360670023001    100.000000
360670020001    100.000000
360670016001    100.000000
360670017022    100.000000
360670018003    100.000000
360670019002    100.000000
360670005012    100.000000
360670015001    100.000000
360670015002    100.000000
360670017011    100.000000
360670019003    100.000000
360670014001    100.000000
360670014002    100.000000
360670019001    100.000000
360670017021    100.000000
360670018002    100.000000
360670009002    100.000000
360670019004    100.000000
360670014003    100.000000
360670005011    100.000000
360670008002    100.000000
360670018001    100.000000
360670006003    100.000000
360670019005    100.000000
360670007002    100.000000
360670009001    100.000000
360670008001    100.000000
360670006002    100.000000
360670001001    100.000000
360670009003    100.000000
360670007001    100.000000
360670010002    100.000000
360670010004    100.000000
360670002002    100.000000
360670006001    100.000000
360670010001    100.000000
360670010003    100.000000
360670004002    100.000000
360670004003    100.000000
360670004001    100.000000
360670002001    100.000000
360670003001    100.000000
360670003002    100.000000

Wrote layer clipped, 135 block groups:
syracuse_bg.gpkg

Wrote layer trimmed, 133 block groups:
syracuse_bg.gpkg

Wrote shapefile:
syracuse_bg
