
PPM by hour file:
ppm-by-hour.pkl

CSV output file:
ppm-by-bg.csv

DTA output file:
ppm-by-bg.dta

Event to keep:
1

Input records:
15,323

Event records:
event
1    5844
2    5208
3    4271

Retained records for event 1:
5844

Records and points by GEOID:
              size   sum
GEOID                   
360670001001    59  3413
360670002001    45  1987
360670002002    45  1771
360670003001    34   698
360670003002    29   837
360670004001    52  1285
360670004002    57  1282
360670004003    24   572
360670005011    55  2393
360670005012    56  2139
360670006001    34   733
360670006002    35   592
360670006003    34   487
360670007001    34   394
360670007002    25   636
360670008001    39  1270
360670008002    32   792
360670009001    55   845
360670009002    45  1052
360670009003    42  1191
360670010001    32   738
360670010002    56  1183
360670010003    25   605
360670010004    56   976
360670014001    43   617
360670014002    40   375
360670014003    25   361
360670015001    46  1444
360670015002    41   771
360670016001    57   754
360670016002    57   890
360670017011    42   938
360670017012    70  1463
360670017021    46   475
360670017022    78  2134
360670018001    48  1144
360670018002    27   384
360670018003    69  1717
360670019001    29   862
360670019002    63  1247
360670019003    55  1027
360670019004    37   660
360670019005    52   740
360670020001    42  1624
360670020002    26   952
360670021011    43   797
360670021012    58  1083
360670021013    24   261
360670023001    37   676
360670023002    62  1710
360670024001    63   994
360670024002    46   612
360670027001    39   747
360670027002    32   663
360670027003    29   475
360670029011    39  1585
360670029012    68  2593
360670030001    57  1244
360670030002    19   241
360670032001    74  4488
360670032002    75  3082
360670034001    78  4683
360670035001    49   562
360670035002    79  4078
360670035003    57  1026
360670036012    58  1141
360670036021    75  3244
360670036022    36   873
360670038001    44  1063
360670038002    45   948
360670039001    20   205
360670039002    36   655
360670039003    43   763
360670040001    50   922
360670042001    27   346
360670042002    60  2351
360670043011    44   645
360670043021    52   901
360670043022    52  1342
360670043023    54   735
360670044001    44   713
360670044002    37  1052
360670045001    46   763
360670045002    43  1321
360670045003    43   980
360670045004    51   869
360670046001    34  1394
360670046002    42  2233
360670046003    47  2187
360670046004    44  1226
360670046005    52  1030
360670048001    37  1046
360670048002    37  1640
360670049001    37   664
360670049002    43   965
360670050001    46  1593
360670050002    41  1459
360670051001    43   622
360670051002    46   904
360670051003    43   739
360670052001    44   804
360670052002    39   991
360670052003    29   331
360670053001    42   547
360670053002    58  1174
360670054001    39   891
360670054002    51   679
360670054003    47   611
360670054004    39   442
360670055001    48   900
360670055002    44  1197
360670055003    42  1015
360670056011    51  2636
360670056021    10   120
360670057001    31   895
360670057002    49  1740
360670058001    39   695
360670058002    31   480
360670058003    21   288
360670059001    48   860
360670059002    46   641
360670060001    36   685
360670060002    23   693
360670060003    35  1080
360670060004    36   995
360670061011    64  2417
360670061012    38  1082
360670061013    52  1030
360670061021    35   870
360670061022    23   388
360670061031    39  2405
360670061032    42  1158

Records and points by eventhr:
         size   sum
eventhr            
0          61   583
1          72  1319
2          79  1160
3          24   136
4           1     1
5           6    10
6          12   206
7          17   238
8          18   136
9          20   118
10         14    59
11          1     3
12          1     9
19          1     2
20         30   237
21         18   279
22         14   208
23         16   199
24          3   121
25        113  1734
26        113  1580
27        102  1750
28         15    62
29         84  1531
30         92  3105
31        112  2209
32         99  2353
33         97  2226
34        106  2536
35         98  2221
36         97  2221
37         95  2210
38        102  2610
39        117  2487
40         48   376
41         84  2537
42         87  2773
43         82  2576
44         99  2688
45         84  3030
46         96  3518
47         96  2943
48         69  2207
49         83  2724
50         91  2706
51         99  2176
52         16    72
53         52  1079
54         46  2055
55         69  2972
56         76  2316
57         75  2858
58         62  2486
59         75  2229
60         84  2472
61         91  2759
62         75  2295
63         96  2071
64         49   357
65         82  1875
66         66  2385
67         64  2581
68         86  2933
69         75  3230
70         88  3307
71         85  3027
72         87  2484
73        102  2726
74        114  2922
75        100  1508
76         17    57
77         53  1607
78         70  3159
79         69  2760
80         68  2304
81         84  2204
82         84  2158
83         85  2056
84         71  2141
85         85  2194
86         71  2049
87         75  2003
88         17    70
89         31   266
90         48   598
91         40   593
92         52   812
93         48   570
94         37   678
95         43   734
96         13   199

Records and points by District:
          size    sum
District             
1.0        367  11003
2.0        275   8639
3.0        239   7947
4.0        613  13573
5.0        677  15170
6.0        808  19395
7.0        546  12841
8.0        407  13641
9.0        618  16812
10.0       571  13816
11.0       574   9917
12.0       149   7570

Median hour for all plowing:
56.0

Early counts:
early
2    44
0    37
1    33
3    18

Wrote output files:
[
    "ppm-by-bg.csv",
    "ppm-by-bg.dta"
]
